Feb-04 13:01:04.400 [main] INFO  com.askimed.nf.test.App - nf-test 0.9.3
Feb-04 13:01:04.442 [main] INFO  com.askimed.nf.test.App - Arguments: [test, --update-snapshot, --profile, singularity]
Feb-04 13:01:05.802 [main] INFO  com.askimed.nf.test.App - Nextflow Version: 25.10.3
Feb-04 13:01:05.811 [main] INFO  com.askimed.nf.test.commands.RunTestsCommand - Load config from file /exports/eddie/scratch/s2215490/proteogenomicsdb/nf-test.config...
Feb-04 13:01:08.848 [main] WARN  com.askimed.nf.test.nextflow.NextflowScript - Module /exports/eddie/scratch/s2215490/proteogenomicsdb/subworkflows/nf-core/fastq_remove_rrna/main.nf: Dependency '/exports/eddie/scratch/s2215490/proteogenomicsdb/subworkflows/nf-core/fastq_remove_rrna/../../../modules/nf-core/bowtie2/build/main.nf' not found.
Feb-04 13:01:08.849 [main] WARN  com.askimed.nf.test.nextflow.NextflowScript - Module /exports/eddie/scratch/s2215490/proteogenomicsdb/subworkflows/nf-core/fastq_remove_rrna/main.nf: Dependency '/exports/eddie/scratch/s2215490/proteogenomicsdb/subworkflows/nf-core/fastq_remove_rrna/../../../modules/nf-core/ribodetector/main.nf' not found.
Feb-04 13:01:08.849 [main] WARN  com.askimed.nf.test.nextflow.NextflowScript - Module /exports/eddie/scratch/s2215490/proteogenomicsdb/subworkflows/nf-core/fastq_remove_rrna/main.nf: Dependency '/exports/eddie/scratch/s2215490/proteogenomicsdb/subworkflows/nf-core/fastq_remove_rrna/../../../modules/nf-core/seqkit/replace/main.nf' not found.
Feb-04 13:01:08.849 [main] WARN  com.askimed.nf.test.nextflow.NextflowScript - Module /exports/eddie/scratch/s2215490/proteogenomicsdb/subworkflows/nf-core/fastq_remove_rrna/main.nf: Dependency '/exports/eddie/scratch/s2215490/proteogenomicsdb/subworkflows/nf-core/fastq_remove_rrna/../../../modules/nf-core/seqkit/stats/main.nf' not found.
Feb-04 13:01:08.851 [main] INFO  com.askimed.nf.test.lang.dependencies.DependencyResolver - Loaded 66 files from directory /exports/eddie/scratch/s2215490/proteogenomicsdb in 2.08 sec
Feb-04 13:01:08.853 [main] INFO  com.askimed.nf.test.lang.dependencies.DependencyResolver - Found 10 files containing tests.
Feb-04 13:01:08.853 [main] DEBUG com.askimed.nf.test.lang.dependencies.DependencyResolver - Found files: [/exports/eddie/scratch/s2215490/proteogenomicsdb/tests/full_pipeline.nf.test, /exports/eddie/scratch/s2215490/proteogenomicsdb/tests/rna_seq.nf.test, /exports/eddie/scratch/s2215490/proteogenomicsdb/tests/ensembl.nf.test, /exports/eddie/scratch/s2215490/proteogenomicsdb/tests/cbioportal.nf.test, /exports/eddie/scratch/s2215490/proteogenomicsdb/tests/additional_database.nf.test, /exports/eddie/scratch/s2215490/proteogenomicsdb/tests/cosmic.nf.test, /exports/eddie/scratch/s2215490/proteogenomicsdb/tests/full_rnaseq.nf.test, /exports/eddie/scratch/s2215490/proteogenomicsdb/tests/default.nf.test, /exports/eddie/scratch/s2215490/proteogenomicsdb/tests/genecode.nf.test, /exports/eddie/scratch/s2215490/proteogenomicsdb/tests/full_ensembl.nf.test]
Feb-04 13:01:10.517 [main] INFO  com.askimed.nf.test.commands.RunTestsCommand - Found 20 tests to execute.
Feb-04 13:01:10.518 [main] INFO  com.askimed.nf.test.core.TestExecutionEngine - Started test plan
Feb-04 13:01:10.531 [main] INFO  com.askimed.nf.test.core.TestExecutionEngine - Running testsuite 'Test pipeline with an additional database and decoy generation' from file '/exports/eddie/scratch/s2215490/proteogenomicsdb/tests/additional_database.nf.test'.
Feb-04 13:01:10.531 [main] INFO  com.askimed.nf.test.core.TestExecutionEngine - Run test 'a9909b99: params: --skip_decoy false --skip_additional_database false'. type: com.askimed.nf.test.lang.pipeline.PipelineTest
Feb-04 13:01:32.192 [main] DEBUG com.askimed.nf.test.lang.extensions.SnapshotFile - Load snapshots from file '/exports/eddie/scratch/s2215490/proteogenomicsdb/tests/additional_database.nf.test.snap'
Feb-04 13:01:32.379 [main] DEBUG com.askimed.nf.test.lang.extensions.Snapshot - Snapshots 'params: --skip_decoy false --skip_additional_database false' do not match. Update snapshots flag set.
Feb-04 13:01:32.380 [main] DEBUG com.askimed.nf.test.lang.extensions.SnapshotFile - Updated snapshot 'params: --skip_decoy false --skip_additional_database false'
Feb-04 13:01:32.583 [main] DEBUG com.askimed.nf.test.lang.extensions.SnapshotFile - Wrote snapshots to file '/exports/eddie/scratch/s2215490/proteogenomicsdb/tests/additional_database.nf.test.snap'
Feb-04 13:01:32.583 [main] INFO  com.askimed.nf.test.core.TestExecutionEngine - Test 'a9909b99: params: --skip_decoy false --skip_additional_database false' finished. status: PASSED
Feb-04 13:01:32.586 [main] INFO  com.askimed.nf.test.core.TestExecutionEngine - Run test 'a84bbcf9: params: --skip_decoy false --skip_additional_database false -stub'. type: com.askimed.nf.test.lang.pipeline.PipelineTest
Feb-04 13:01:52.630 [main] DEBUG com.askimed.nf.test.lang.extensions.Snapshot - Snapshots 'params: --skip_decoy false --skip_additional_database false -stub' do not match. Update snapshots flag set.
Feb-04 13:01:52.630 [main] DEBUG com.askimed.nf.test.lang.extensions.SnapshotFile - Updated snapshot 'params: --skip_decoy false --skip_additional_database false -stub'
Feb-04 13:01:52.706 [main] DEBUG com.askimed.nf.test.lang.extensions.SnapshotFile - Wrote snapshots to file '/exports/eddie/scratch/s2215490/proteogenomicsdb/tests/additional_database.nf.test.snap'
Feb-04 13:01:52.706 [main] INFO  com.askimed.nf.test.core.TestExecutionEngine - Test 'a84bbcf9: params: --skip_decoy false --skip_additional_database false -stub' finished. status: PASSED
Feb-04 13:01:52.707 [main] INFO  com.askimed.nf.test.core.TestExecutionEngine - Testsuite 'Test pipeline with an additional database and decoy generation' finished. snapshot file: true, skipped tests: false, failed tests: false
Feb-04 13:01:52.725 [main] INFO  com.askimed.nf.test.core.TestExecutionEngine - Running testsuite 'Test pipeline with cbioportal database generation' from file '/exports/eddie/scratch/s2215490/proteogenomicsdb/tests/cbioportal.nf.test'.
Feb-04 13:01:52.725 [main] INFO  com.askimed.nf.test.core.TestExecutionEngine - Run test '81125184: params: --skip_cbioportaldb false'. type: com.askimed.nf.test.lang.pipeline.PipelineTest
Feb-04 13:03:03.212 [main] DEBUG com.askimed.nf.test.lang.extensions.SnapshotFile - Load snapshots from file '/exports/eddie/scratch/s2215490/proteogenomicsdb/tests/cbioportal.nf.test.snap'
Feb-04 13:03:14.221 [main] DEBUG com.askimed.nf.test.lang.extensions.Snapshot - Snapshots 'params: --skip_cbioportaldb false' do not match. Update snapshots flag set.
Feb-04 13:03:14.221 [main] DEBUG com.askimed.nf.test.lang.extensions.SnapshotFile - Updated snapshot 'params: --skip_cbioportaldb false'
Feb-04 13:03:30.283 [main] DEBUG com.askimed.nf.test.lang.extensions.SnapshotFile - Wrote snapshots to file '/exports/eddie/scratch/s2215490/proteogenomicsdb/tests/cbioportal.nf.test.snap'
Feb-04 13:03:30.286 [main] INFO  com.askimed.nf.test.core.TestExecutionEngine - Test '81125184: params: --skip_cbioportaldb false' finished. status: FAILED
org.codehaus.groovy.runtime.powerassert.PowerAssertionError: 1 of 2 assertions failed
	at com.askimed.nf.test.lang.extensions.GlobalMethods.assertAll(GlobalMethods.java:48)
	at java.base/jdk.internal.reflect.NativeMethodAccessorImpl.invoke0(Native Method)
	at java.base/jdk.internal.reflect.NativeMethodAccessorImpl.invoke(NativeMethodAccessorImpl.java:77)
	at java.base/jdk.internal.reflect.DelegatingMethodAccessorImpl.invoke(DelegatingMethodAccessorImpl.java:43)
	at java.base/java.lang.reflect.Method.invoke(Method.java:569)
	at org.codehaus.groovy.reflection.CachedMethod.invoke(CachedMethod.java:107)
	at groovy.lang.MetaMethod.doMethodInvoke(MetaMethod.java:323)
	at org.codehaus.groovy.runtime.callsite.StaticMetaMethodSite.invoke(StaticMetaMethodSite.java:44)
	at org.codehaus.groovy.runtime.callsite.StaticMetaMethodSite.callStatic(StaticMetaMethodSite.java:100)
	at org.codehaus.groovy.runtime.callsite.CallSiteArray.defaultCallStatic(CallSiteArray.java:55)
	at org.codehaus.groovy.runtime.callsite.AbstractCallSite.callStatic(AbstractCallSite.java:217)
	at org.codehaus.groovy.runtime.callsite.AbstractCallSite.callStatic(AbstractCallSite.java:240)
	at cbioportal_nf$_run_closure1$_closure2$_closure5.doCall(cbioportal.nf.test:26)
	at cbioportal_nf$_run_closure1$_closure2$_closure5.doCall(cbioportal.nf.test)
	at java.base/jdk.internal.reflect.NativeMethodAccessorImpl.invoke0(Native Method)
	at java.base/jdk.internal.reflect.NativeMethodAccessorImpl.invoke(NativeMethodAccessorImpl.java:77)
	at java.base/jdk.internal.reflect.DelegatingMethodAccessorImpl.invoke(DelegatingMethodAccessorImpl.java:43)
	at java.base/java.lang.reflect.Method.invoke(Method.java:569)
	at org.codehaus.groovy.reflection.CachedMethod.invoke(CachedMethod.java:107)
	at groovy.lang.MetaMethod.doMethodInvoke(MetaMethod.java:323)
	at org.codehaus.groovy.runtime.metaclass.ClosureMetaClass.invokeMethod(ClosureMetaClass.java:274)
	at groovy.lang.MetaClassImpl.invokeMethod(MetaClassImpl.java:1030)
	at groovy.lang.Closure.call(Closure.java:427)
	at groovy.lang.Closure.call(Closure.java:406)
	at com.askimed.nf.test.lang.TestCode.execute(TestCode.java:16)
	at com.askimed.nf.test.lang.pipeline.PipelineTest.execute(PipelineTest.java:135)
	at com.askimed.nf.test.core.TestExecutionEngine.execute(TestExecutionEngine.java:172)
	at com.askimed.nf.test.commands.RunTestsCommand.execute(RunTestsCommand.java:322)
	at com.askimed.nf.test.commands.AbstractCommand.call(AbstractCommand.java:43)
	at com.askimed.nf.test.commands.AbstractCommand.call(AbstractCommand.java:18)
	at picocli.CommandLine.executeUserObject(CommandLine.java:1953)
	at picocli.CommandLine.access$1300(CommandLine.java:145)
	at picocli.CommandLine$RunLast.executeUserObjectOfLastSubcommandWithSameParent(CommandLine.java:2352)
	at picocli.CommandLine$RunLast.handle(CommandLine.java:2346)
	at picocli.CommandLine$RunLast.handle(CommandLine.java:2311)
	at picocli.CommandLine$AbstractParseResultHandler.execute(CommandLine.java:2179)
	at picocli.CommandLine.execute(CommandLine.java:2078)
	at com.askimed.nf.test.App.run(App.java:39)
	at com.askimed.nf.test.App.main(App.java:46)
Feb-04 13:03:30.296 [main] INFO  com.askimed.nf.test.core.TestExecutionEngine - Run test '5728af53: params: --skip_cbioportaldb false -stub'. type: com.askimed.nf.test.lang.pipeline.PipelineTest
Feb-04 13:04:28.062 [main] DEBUG com.askimed.nf.test.lang.extensions.Snapshot - Snapshots 'params: --skip_cbioportaldb false -stub' do not match. Update snapshots flag set.
Feb-04 13:04:28.063 [main] DEBUG com.askimed.nf.test.lang.extensions.SnapshotFile - Updated snapshot 'params: --skip_cbioportaldb false -stub'
Feb-04 13:04:44.177 [main] DEBUG com.askimed.nf.test.lang.extensions.SnapshotFile - Wrote snapshots to file '/exports/eddie/scratch/s2215490/proteogenomicsdb/tests/cbioportal.nf.test.snap'
Feb-04 13:04:44.178 [main] INFO  com.askimed.nf.test.core.TestExecutionEngine - Test '5728af53: params: --skip_cbioportaldb false -stub' finished. status: PASSED
Feb-04 13:04:44.179 [main] INFO  com.askimed.nf.test.core.TestExecutionEngine - Testsuite 'Test pipeline with cbioportal database generation' finished. snapshot file: true, skipped tests: false, failed tests: true
Feb-04 13:04:44.179 [main] INFO  com.askimed.nf.test.core.TestExecutionEngine - Running testsuite 'Test pipeline with cosmic database generation' from file '/exports/eddie/scratch/s2215490/proteogenomicsdb/tests/cosmic.nf.test'.
Feb-04 13:04:44.179 [main] INFO  com.askimed.nf.test.core.TestExecutionEngine - Run test '2b02273f: params: --skip_cosmicdb false'. type: com.askimed.nf.test.lang.pipeline.PipelineTest
Feb-04 13:05:08.691 [main] DEBUG com.askimed.nf.test.lang.extensions.SnapshotFile - Load snapshots from file '/exports/eddie/scratch/s2215490/proteogenomicsdb/tests/cosmic.nf.test.snap'
Feb-04 13:05:08.714 [main] DEBUG com.askimed.nf.test.lang.extensions.Snapshot - Snapshots 'params: --skip_cosmicdb false' do not match. Update snapshots flag set.
Feb-04 13:05:08.714 [main] DEBUG com.askimed.nf.test.lang.extensions.SnapshotFile - Updated snapshot 'params: --skip_cosmicdb false'
Feb-04 13:05:08.749 [main] DEBUG com.askimed.nf.test.lang.extensions.SnapshotFile - Wrote snapshots to file '/exports/eddie/scratch/s2215490/proteogenomicsdb/tests/cosmic.nf.test.snap'
Feb-04 13:05:08.751 [main] INFO  com.askimed.nf.test.core.TestExecutionEngine - Test '2b02273f: params: --skip_cosmicdb false' finished. status: FAILED
org.codehaus.groovy.runtime.powerassert.PowerAssertionError: 1 of 2 assertions failed
	at com.askimed.nf.test.lang.extensions.GlobalMethods.assertAll(GlobalMethods.java:48)
	at java.base/jdk.internal.reflect.NativeMethodAccessorImpl.invoke0(Native Method)
	at java.base/jdk.internal.reflect.NativeMethodAccessorImpl.invoke(NativeMethodAccessorImpl.java:77)
	at java.base/jdk.internal.reflect.DelegatingMethodAccessorImpl.invoke(DelegatingMethodAccessorImpl.java:43)
	at java.base/java.lang.reflect.Method.invoke(Method.java:569)
	at org.codehaus.groovy.reflection.CachedMethod.invoke(CachedMethod.java:107)
	at groovy.lang.MetaMethod.doMethodInvoke(MetaMethod.java:323)
	at org.codehaus.groovy.runtime.callsite.StaticMetaMethodSite.invoke(StaticMetaMethodSite.java:44)
	at org.codehaus.groovy.runtime.callsite.StaticMetaMethodSite.callStatic(StaticMetaMethodSite.java:100)
	at org.codehaus.groovy.runtime.callsite.CallSiteArray.defaultCallStatic(CallSiteArray.java:55)
	at org.codehaus.groovy.runtime.callsite.AbstractCallSite.callStatic(AbstractCallSite.java:217)
	at org.codehaus.groovy.runtime.callsite.AbstractCallSite.callStatic(AbstractCallSite.java:240)
	at cosmic_nf$_run_closure1$_closure2$_closure5.doCall(cosmic.nf.test:30)
	at cosmic_nf$_run_closure1$_closure2$_closure5.doCall(cosmic.nf.test)
	at java.base/jdk.internal.reflect.NativeMethodAccessorImpl.invoke0(Native Method)
	at java.base/jdk.internal.reflect.NativeMethodAccessorImpl.invoke(NativeMethodAccessorImpl.java:77)
	at java.base/jdk.internal.reflect.DelegatingMethodAccessorImpl.invoke(DelegatingMethodAccessorImpl.java:43)
	at java.base/java.lang.reflect.Method.invoke(Method.java:569)
	at org.codehaus.groovy.reflection.CachedMethod.invoke(CachedMethod.java:107)
	at groovy.lang.MetaMethod.doMethodInvoke(MetaMethod.java:323)
	at org.codehaus.groovy.runtime.metaclass.ClosureMetaClass.invokeMethod(ClosureMetaClass.java:274)
	at groovy.lang.MetaClassImpl.invokeMethod(MetaClassImpl.java:1030)
	at groovy.lang.Closure.call(Closure.java:427)
	at groovy.lang.Closure.call(Closure.java:406)
	at com.askimed.nf.test.lang.TestCode.execute(TestCode.java:16)
	at com.askimed.nf.test.lang.pipeline.PipelineTest.execute(PipelineTest.java:135)
	at com.askimed.nf.test.core.TestExecutionEngine.execute(TestExecutionEngine.java:172)
	at com.askimed.nf.test.commands.RunTestsCommand.execute(RunTestsCommand.java:322)
	at com.askimed.nf.test.commands.AbstractCommand.call(AbstractCommand.java:43)
	at com.askimed.nf.test.commands.AbstractCommand.call(AbstractCommand.java:18)
	at picocli.CommandLine.executeUserObject(CommandLine.java:1953)
	at picocli.CommandLine.access$1300(CommandLine.java:145)
	at picocli.CommandLine$RunLast.executeUserObjectOfLastSubcommandWithSameParent(CommandLine.java:2352)
	at picocli.CommandLine$RunLast.handle(CommandLine.java:2346)
	at picocli.CommandLine$RunLast.handle(CommandLine.java:2311)
	at picocli.CommandLine$AbstractParseResultHandler.execute(CommandLine.java:2179)
	at picocli.CommandLine.execute(CommandLine.java:2078)
	at com.askimed.nf.test.App.run(App.java:39)
	at com.askimed.nf.test.App.main(App.java:46)
Feb-04 13:05:08.752 [main] INFO  com.askimed.nf.test.core.TestExecutionEngine - Run test '1945aa54: params: --skip_cosmicdb false -stub'. type: com.askimed.nf.test.lang.pipeline.PipelineTest
Feb-04 13:06:08.424 [main] DEBUG com.askimed.nf.test.lang.extensions.Snapshot - Snapshots 'params: --skip_cosmicdb false -stub' do not match. Update snapshots flag set.
Feb-04 13:06:08.425 [main] DEBUG com.askimed.nf.test.lang.extensions.SnapshotFile - Updated snapshot 'params: --skip_cosmicdb false -stub'
Feb-04 13:06:08.489 [main] DEBUG com.askimed.nf.test.lang.extensions.SnapshotFile - Wrote snapshots to file '/exports/eddie/scratch/s2215490/proteogenomicsdb/tests/cosmic.nf.test.snap'
Feb-04 13:06:08.490 [main] INFO  com.askimed.nf.test.core.TestExecutionEngine - Test '1945aa54: params: --skip_cosmicdb false -stub' finished. status: PASSED
Feb-04 13:06:08.490 [main] INFO  com.askimed.nf.test.core.TestExecutionEngine - Testsuite 'Test pipeline with cosmic database generation' finished. snapshot file: true, skipped tests: false, failed tests: true
Feb-04 13:06:08.492 [main] INFO  com.askimed.nf.test.core.TestExecutionEngine - Running testsuite 'Test pipeline' from file '/exports/eddie/scratch/s2215490/proteogenomicsdb/tests/default.nf.test'.
Feb-04 13:06:08.492 [main] INFO  com.askimed.nf.test.core.TestExecutionEngine - Run test '295a2b31: -profile test'. type: com.askimed.nf.test.lang.pipeline.PipelineTest
Feb-04 13:06:30.480 [main] DEBUG com.askimed.nf.test.lang.extensions.SnapshotFile - Load snapshots from file '/exports/eddie/scratch/s2215490/proteogenomicsdb/tests/default.nf.test.snap'
Feb-04 13:06:30.505 [main] DEBUG com.askimed.nf.test.lang.extensions.Snapshot - Snapshots '-profile test' do not match. Update snapshots flag set.
Feb-04 13:06:30.505 [main] DEBUG com.askimed.nf.test.lang.extensions.SnapshotFile - Updated snapshot '-profile test'
Feb-04 13:06:30.536 [main] DEBUG com.askimed.nf.test.lang.extensions.SnapshotFile - Wrote snapshots to file '/exports/eddie/scratch/s2215490/proteogenomicsdb/tests/default.nf.test.snap'
Feb-04 13:06:30.538 [main] INFO  com.askimed.nf.test.core.TestExecutionEngine - Test '295a2b31: -profile test' finished. status: PASSED
Feb-04 13:06:30.538 [main] INFO  com.askimed.nf.test.core.TestExecutionEngine - Run test 'e75779bb: -profile test -stub'. type: com.askimed.nf.test.lang.pipeline.PipelineTest
Feb-04 13:06:50.723 [main] DEBUG com.askimed.nf.test.lang.extensions.Snapshot - Snapshots '-profile test -stub' do not match. Update snapshots flag set.
Feb-04 13:06:50.723 [main] DEBUG com.askimed.nf.test.lang.extensions.SnapshotFile - Updated snapshot '-profile test -stub'
Feb-04 13:06:50.767 [main] DEBUG com.askimed.nf.test.lang.extensions.SnapshotFile - Wrote snapshots to file '/exports/eddie/scratch/s2215490/proteogenomicsdb/tests/default.nf.test.snap'
Feb-04 13:06:50.767 [main] INFO  com.askimed.nf.test.core.TestExecutionEngine - Test 'e75779bb: -profile test -stub' finished. status: PASSED
Feb-04 13:06:50.768 [main] INFO  com.askimed.nf.test.core.TestExecutionEngine - Testsuite 'Test pipeline' finished. snapshot file: true, skipped tests: false, failed tests: false
Feb-04 13:06:50.769 [main] INFO  com.askimed.nf.test.core.TestExecutionEngine - Running testsuite 'Test pipeline with ensembl database generation' from file '/exports/eddie/scratch/s2215490/proteogenomicsdb/tests/ensembl.nf.test'.
Feb-04 13:06:50.770 [main] INFO  com.askimed.nf.test.core.TestExecutionEngine - Run test '2142f9d4: params: --skip_ensembl false'. type: com.askimed.nf.test.lang.pipeline.PipelineTest
Feb-04 13:07:27.173 [main] DEBUG com.askimed.nf.test.lang.extensions.SnapshotFile - Load snapshots from file '/exports/eddie/scratch/s2215490/proteogenomicsdb/tests/ensembl.nf.test.snap'
Feb-04 13:07:27.210 [main] DEBUG com.askimed.nf.test.lang.extensions.Snapshot - Snapshots 'params: --skip_ensembl false' do not match. Update snapshots flag set.
Feb-04 13:07:27.211 [main] DEBUG com.askimed.nf.test.lang.extensions.SnapshotFile - Updated snapshot 'params: --skip_ensembl false'
Feb-04 13:07:27.239 [main] DEBUG com.askimed.nf.test.lang.extensions.SnapshotFile - Wrote snapshots to file '/exports/eddie/scratch/s2215490/proteogenomicsdb/tests/ensembl.nf.test.snap'
Feb-04 13:07:27.240 [main] INFO  com.askimed.nf.test.core.TestExecutionEngine - Test '2142f9d4: params: --skip_ensembl false' finished. status: FAILED
org.codehaus.groovy.runtime.powerassert.PowerAssertionError: 1 of 2 assertions failed
	at com.askimed.nf.test.lang.extensions.GlobalMethods.assertAll(GlobalMethods.java:48)
	at java.base/jdk.internal.reflect.NativeMethodAccessorImpl.invoke0(Native Method)
	at java.base/jdk.internal.reflect.NativeMethodAccessorImpl.invoke(NativeMethodAccessorImpl.java:77)
	at java.base/jdk.internal.reflect.DelegatingMethodAccessorImpl.invoke(DelegatingMethodAccessorImpl.java:43)
	at java.base/java.lang.reflect.Method.invoke(Method.java:569)
	at org.codehaus.groovy.reflection.CachedMethod.invoke(CachedMethod.java:107)
	at groovy.lang.MetaMethod.doMethodInvoke(MetaMethod.java:323)
	at org.codehaus.groovy.runtime.callsite.StaticMetaMethodSite.invoke(StaticMetaMethodSite.java:44)
	at org.codehaus.groovy.runtime.callsite.StaticMetaMethodSite.callStatic(StaticMetaMethodSite.java:100)
	at org.codehaus.groovy.runtime.callsite.CallSiteArray.defaultCallStatic(CallSiteArray.java:55)
	at org.codehaus.groovy.runtime.callsite.AbstractCallSite.callStatic(AbstractCallSite.java:217)
	at org.codehaus.groovy.runtime.callsite.AbstractCallSite.callStatic(AbstractCallSite.java:240)
	at ensembl_nf$_run_closure1$_closure2$_closure5.doCall(ensembl.nf.test:23)
	at ensembl_nf$_run_closure1$_closure2$_closure5.doCall(ensembl.nf.test)
	at java.base/jdk.internal.reflect.NativeMethodAccessorImpl.invoke0(Native Method)
	at java.base/jdk.internal.reflect.NativeMethodAccessorImpl.invoke(NativeMethodAccessorImpl.java:77)
	at java.base/jdk.internal.reflect.DelegatingMethodAccessorImpl.invoke(DelegatingMethodAccessorImpl.java:43)
	at java.base/java.lang.reflect.Method.invoke(Method.java:569)
	at org.codehaus.groovy.reflection.CachedMethod.invoke(CachedMethod.java:107)
	at groovy.lang.MetaMethod.doMethodInvoke(MetaMethod.java:323)
	at org.codehaus.groovy.runtime.metaclass.ClosureMetaClass.invokeMethod(ClosureMetaClass.java:274)
	at groovy.lang.MetaClassImpl.invokeMethod(MetaClassImpl.java:1030)
	at groovy.lang.Closure.call(Closure.java:427)
	at groovy.lang.Closure.call(Closure.java:406)
	at com.askimed.nf.test.lang.TestCode.execute(TestCode.java:16)
	at com.askimed.nf.test.lang.pipeline.PipelineTest.execute(PipelineTest.java:135)
	at com.askimed.nf.test.core.TestExecutionEngine.execute(TestExecutionEngine.java:172)
	at com.askimed.nf.test.commands.RunTestsCommand.execute(RunTestsCommand.java:322)
	at com.askimed.nf.test.commands.AbstractCommand.call(AbstractCommand.java:43)
	at com.askimed.nf.test.commands.AbstractCommand.call(AbstractCommand.java:18)
	at picocli.CommandLine.executeUserObject(CommandLine.java:1953)
	at picocli.CommandLine.access$1300(CommandLine.java:145)
	at picocli.CommandLine$RunLast.executeUserObjectOfLastSubcommandWithSameParent(CommandLine.java:2352)
	at picocli.CommandLine$RunLast.handle(CommandLine.java:2346)
	at picocli.CommandLine$RunLast.handle(CommandLine.java:2311)
	at picocli.CommandLine$AbstractParseResultHandler.execute(CommandLine.java:2179)
	at picocli.CommandLine.execute(CommandLine.java:2078)
	at com.askimed.nf.test.App.run(App.java:39)
	at com.askimed.nf.test.App.main(App.java:46)
Feb-04 13:07:27.241 [main] INFO  com.askimed.nf.test.core.TestExecutionEngine - Run test '4ed59cd6: params: --skip_ensembl false -stub'. type: com.askimed.nf.test.lang.pipeline.PipelineTest
Feb-04 13:08:02.535 [main] DEBUG com.askimed.nf.test.lang.extensions.Snapshot - Snapshots 'params: --skip_ensembl false -stub' do not match. Update snapshots flag set.
Feb-04 13:08:02.535 [main] DEBUG com.askimed.nf.test.lang.extensions.SnapshotFile - Updated snapshot 'params: --skip_ensembl false -stub'
Feb-04 13:08:02.583 [main] DEBUG com.askimed.nf.test.lang.extensions.SnapshotFile - Wrote snapshots to file '/exports/eddie/scratch/s2215490/proteogenomicsdb/tests/ensembl.nf.test.snap'
Feb-04 13:08:02.583 [main] INFO  com.askimed.nf.test.core.TestExecutionEngine - Test '4ed59cd6: params: --skip_ensembl false -stub' finished. status: PASSED
Feb-04 13:08:02.583 [main] INFO  com.askimed.nf.test.core.TestExecutionEngine - Testsuite 'Test pipeline with ensembl database generation' finished. snapshot file: true, skipped tests: false, failed tests: true
Feb-04 13:08:02.583 [main] INFO  com.askimed.nf.test.core.TestExecutionEngine - Running testsuite 'Test pipeline with full ensembl database generation' from file '/exports/eddie/scratch/s2215490/proteogenomicsdb/tests/full_ensembl.nf.test'.
Feb-04 13:08:02.583 [main] INFO  com.askimed.nf.test.core.TestExecutionEngine - Run test '77902190: full ensembl workflow'. type: com.askimed.nf.test.lang.pipeline.PipelineTest
Feb-04 13:08:36.680 [main] DEBUG com.askimed.nf.test.lang.extensions.SnapshotFile - Load snapshots from file '/exports/eddie/scratch/s2215490/proteogenomicsdb/tests/full_ensembl.nf.test.snap'
Feb-04 13:08:36.705 [main] DEBUG com.askimed.nf.test.lang.extensions.Snapshot - Snapshots 'full ensembl workflow' do not match. Update snapshots flag set.
Feb-04 13:08:36.706 [main] DEBUG com.askimed.nf.test.lang.extensions.SnapshotFile - Updated snapshot 'full ensembl workflow'
Feb-04 13:08:36.757 [main] DEBUG com.askimed.nf.test.lang.extensions.SnapshotFile - Wrote snapshots to file '/exports/eddie/scratch/s2215490/proteogenomicsdb/tests/full_ensembl.nf.test.snap'
Feb-04 13:08:36.758 [main] INFO  com.askimed.nf.test.core.TestExecutionEngine - Test '77902190: full ensembl workflow' finished. status: FAILED
org.codehaus.groovy.runtime.powerassert.PowerAssertionError: 1 of 2 assertions failed
	at com.askimed.nf.test.lang.extensions.GlobalMethods.assertAll(GlobalMethods.java:48)
	at java.base/jdk.internal.reflect.NativeMethodAccessorImpl.invoke0(Native Method)
	at java.base/jdk.internal.reflect.NativeMethodAccessorImpl.invoke(NativeMethodAccessorImpl.java:77)
	at java.base/jdk.internal.reflect.DelegatingMethodAccessorImpl.invoke(DelegatingMethodAccessorImpl.java:43)
	at java.base/java.lang.reflect.Method.invoke(Method.java:569)
	at org.codehaus.groovy.reflection.CachedMethod.invoke(CachedMethod.java:107)
	at groovy.lang.MetaMethod.doMethodInvoke(MetaMethod.java:323)
	at org.codehaus.groovy.runtime.callsite.StaticMetaMethodSite.invoke(StaticMetaMethodSite.java:44)
	at org.codehaus.groovy.runtime.callsite.StaticMetaMethodSite.callStatic(StaticMetaMethodSite.java:100)
	at org.codehaus.groovy.runtime.callsite.CallSiteArray.defaultCallStatic(CallSiteArray.java:55)
	at org.codehaus.groovy.runtime.callsite.AbstractCallSite.callStatic(AbstractCallSite.java:217)
	at org.codehaus.groovy.runtime.callsite.AbstractCallSite.callStatic(AbstractCallSite.java:240)
	at full_ensembl_nf$_run_closure1$_closure2$_closure5.doCall(full_ensembl.nf.test:28)
	at full_ensembl_nf$_run_closure1$_closure2$_closure5.doCall(full_ensembl.nf.test)
	at java.base/jdk.internal.reflect.NativeMethodAccessorImpl.invoke0(Native Method)
	at java.base/jdk.internal.reflect.NativeMethodAccessorImpl.invoke(NativeMethodAccessorImpl.java:77)
	at java.base/jdk.internal.reflect.DelegatingMethodAccessorImpl.invoke(DelegatingMethodAccessorImpl.java:43)
	at java.base/java.lang.reflect.Method.invoke(Method.java:569)
	at org.codehaus.groovy.reflection.CachedMethod.invoke(CachedMethod.java:107)
	at groovy.lang.MetaMethod.doMethodInvoke(MetaMethod.java:323)
	at org.codehaus.groovy.runtime.metaclass.ClosureMetaClass.invokeMethod(ClosureMetaClass.java:274)
	at groovy.lang.MetaClassImpl.invokeMethod(MetaClassImpl.java:1030)
	at groovy.lang.Closure.call(Closure.java:427)
	at groovy.lang.Closure.call(Closure.java:406)
	at com.askimed.nf.test.lang.TestCode.execute(TestCode.java:16)
	at com.askimed.nf.test.lang.pipeline.PipelineTest.execute(PipelineTest.java:135)
	at com.askimed.nf.test.core.TestExecutionEngine.execute(TestExecutionEngine.java:172)
	at com.askimed.nf.test.commands.RunTestsCommand.execute(RunTestsCommand.java:322)
	at com.askimed.nf.test.commands.AbstractCommand.call(AbstractCommand.java:43)
	at com.askimed.nf.test.commands.AbstractCommand.call(AbstractCommand.java:18)
	at picocli.CommandLine.executeUserObject(CommandLine.java:1953)
	at picocli.CommandLine.access$1300(CommandLine.java:145)
	at picocli.CommandLine$RunLast.executeUserObjectOfLastSubcommandWithSameParent(CommandLine.java:2352)
	at picocli.CommandLine$RunLast.handle(CommandLine.java:2346)
	at picocli.CommandLine$RunLast.handle(CommandLine.java:2311)
	at picocli.CommandLine$AbstractParseResultHandler.execute(CommandLine.java:2179)
	at picocli.CommandLine.execute(CommandLine.java:2078)
	at com.askimed.nf.test.App.run(App.java:39)
	at com.askimed.nf.test.App.main(App.java:46)
Feb-04 13:08:36.762 [main] INFO  com.askimed.nf.test.core.TestExecutionEngine - Run test '20ba564e: full ensembl workflow -stub'. type: com.askimed.nf.test.lang.pipeline.PipelineTest
Feb-04 13:10:07.302 [main] DEBUG com.askimed.nf.test.lang.extensions.Snapshot - Snapshots 'full ensembl workflow -stub' do not match. Update snapshots flag set.
Feb-04 13:10:07.303 [main] DEBUG com.askimed.nf.test.lang.extensions.SnapshotFile - Updated snapshot 'full ensembl workflow -stub'
Feb-04 13:10:07.394 [main] DEBUG com.askimed.nf.test.lang.extensions.SnapshotFile - Wrote snapshots to file '/exports/eddie/scratch/s2215490/proteogenomicsdb/tests/full_ensembl.nf.test.snap'
Feb-04 13:10:07.394 [main] INFO  com.askimed.nf.test.core.TestExecutionEngine - Test '20ba564e: full ensembl workflow -stub' finished. status: PASSED
Feb-04 13:10:07.394 [main] INFO  com.askimed.nf.test.core.TestExecutionEngine - Testsuite 'Test pipeline with full ensembl database generation' finished. snapshot file: true, skipped tests: false, failed tests: true
Feb-04 13:10:07.395 [main] INFO  com.askimed.nf.test.core.TestExecutionEngine - Running testsuite 'Test full pipeline' from file '/exports/eddie/scratch/s2215490/proteogenomicsdb/tests/full_pipeline.nf.test'.
Feb-04 13:10:07.395 [main] INFO  com.askimed.nf.test.core.TestExecutionEngine - Run test 'aa7cf53c: full pipeline test'. type: com.askimed.nf.test.lang.pipeline.PipelineTest
Feb-04 13:10:26.925 [main] DEBUG com.askimed.nf.test.lang.extensions.SnapshotFile - Load snapshots from file '/exports/eddie/scratch/s2215490/proteogenomicsdb/tests/full_pipeline.nf.test.snap'
Feb-04 13:10:26.968 [main] DEBUG com.askimed.nf.test.lang.extensions.Snapshot - Snapshots 'full pipeline test' do not match. Update snapshots flag set.
Feb-04 13:10:26.968 [main] DEBUG com.askimed.nf.test.lang.extensions.SnapshotFile - Updated snapshot 'full pipeline test'
Feb-04 13:10:26.999 [main] DEBUG com.askimed.nf.test.lang.extensions.SnapshotFile - Wrote snapshots to file '/exports/eddie/scratch/s2215490/proteogenomicsdb/tests/full_pipeline.nf.test.snap'
Feb-04 13:10:26.999 [main] INFO  com.askimed.nf.test.core.TestExecutionEngine - Test 'aa7cf53c: full pipeline test' finished. status: FAILED
org.codehaus.groovy.runtime.powerassert.PowerAssertionError: 1 of 2 assertions failed
	at com.askimed.nf.test.lang.extensions.GlobalMethods.assertAll(GlobalMethods.java:48)
	at java.base/jdk.internal.reflect.NativeMethodAccessorImpl.invoke0(Native Method)
	at java.base/jdk.internal.reflect.NativeMethodAccessorImpl.invoke(NativeMethodAccessorImpl.java:77)
	at java.base/jdk.internal.reflect.DelegatingMethodAccessorImpl.invoke(DelegatingMethodAccessorImpl.java:43)
	at java.base/java.lang.reflect.Method.invoke(Method.java:569)
	at org.codehaus.groovy.reflection.CachedMethod.invoke(CachedMethod.java:107)
	at groovy.lang.MetaMethod.doMethodInvoke(MetaMethod.java:323)
	at org.codehaus.groovy.runtime.callsite.StaticMetaMethodSite.invoke(StaticMetaMethodSite.java:44)
	at org.codehaus.groovy.runtime.callsite.StaticMetaMethodSite.callStatic(StaticMetaMethodSite.java:100)
	at org.codehaus.groovy.runtime.callsite.CallSiteArray.defaultCallStatic(CallSiteArray.java:55)
	at org.codehaus.groovy.runtime.callsite.AbstractCallSite.callStatic(AbstractCallSite.java:217)
	at org.codehaus.groovy.runtime.callsite.AbstractCallSite.callStatic(AbstractCallSite.java:240)
	at full_pipeline_nf$_run_closure1$_closure2$_closure5.doCall(full_pipeline.nf.test:67)
	at full_pipeline_nf$_run_closure1$_closure2$_closure5.doCall(full_pipeline.nf.test)
	at java.base/jdk.internal.reflect.NativeMethodAccessorImpl.invoke0(Native Method)
	at java.base/jdk.internal.reflect.NativeMethodAccessorImpl.invoke(NativeMethodAccessorImpl.java:77)
	at java.base/jdk.internal.reflect.DelegatingMethodAccessorImpl.invoke(DelegatingMethodAccessorImpl.java:43)
	at java.base/java.lang.reflect.Method.invoke(Method.java:569)
	at org.codehaus.groovy.reflection.CachedMethod.invoke(CachedMethod.java:107)
	at groovy.lang.MetaMethod.doMethodInvoke(MetaMethod.java:323)
	at org.codehaus.groovy.runtime.metaclass.ClosureMetaClass.invokeMethod(ClosureMetaClass.java:274)
	at groovy.lang.MetaClassImpl.invokeMethod(MetaClassImpl.java:1030)
	at groovy.lang.Closure.call(Closure.java:427)
	at groovy.lang.Closure.call(Closure.java:406)
	at com.askimed.nf.test.lang.TestCode.execute(TestCode.java:16)
	at com.askimed.nf.test.lang.pipeline.PipelineTest.execute(PipelineTest.java:135)
	at com.askimed.nf.test.core.TestExecutionEngine.execute(TestExecutionEngine.java:172)
	at com.askimed.nf.test.commands.RunTestsCommand.execute(RunTestsCommand.java:322)
	at com.askimed.nf.test.commands.AbstractCommand.call(AbstractCommand.java:43)
	at com.askimed.nf.test.commands.AbstractCommand.call(AbstractCommand.java:18)
	at picocli.CommandLine.executeUserObject(CommandLine.java:1953)
	at picocli.CommandLine.access$1300(CommandLine.java:145)
	at picocli.CommandLine$RunLast.executeUserObjectOfLastSubcommandWithSameParent(CommandLine.java:2352)
	at picocli.CommandLine$RunLast.handle(CommandLine.java:2346)
	at picocli.CommandLine$RunLast.handle(CommandLine.java:2311)
	at picocli.CommandLine$AbstractParseResultHandler.execute(CommandLine.java:2179)
	at picocli.CommandLine.execute(CommandLine.java:2078)
	at com.askimed.nf.test.App.run(App.java:39)
	at com.askimed.nf.test.App.main(App.java:46)
Feb-04 13:10:27.000 [main] INFO  com.askimed.nf.test.core.TestExecutionEngine - Run test '2a0ecaf6: full pipeline test -stub'. type: com.askimed.nf.test.lang.pipeline.PipelineTest
Feb-04 13:10:48.077 [main] DEBUG com.askimed.nf.test.lang.extensions.Snapshot - Snapshots 'full pipeline test -stub' do not match. Update snapshots flag set.
Feb-04 13:10:48.078 [main] DEBUG com.askimed.nf.test.lang.extensions.SnapshotFile - Updated snapshot 'full pipeline test -stub'
Feb-04 13:10:48.134 [main] DEBUG com.askimed.nf.test.lang.extensions.SnapshotFile - Wrote snapshots to file '/exports/eddie/scratch/s2215490/proteogenomicsdb/tests/full_pipeline.nf.test.snap'
Feb-04 13:10:48.135 [main] INFO  com.askimed.nf.test.core.TestExecutionEngine - Test '2a0ecaf6: full pipeline test -stub' finished. status: FAILED
org.codehaus.groovy.runtime.powerassert.PowerAssertionError: 1 of 2 assertions failed
	at com.askimed.nf.test.lang.extensions.GlobalMethods.assertAll(GlobalMethods.java:48)
	at java.base/jdk.internal.reflect.NativeMethodAccessorImpl.invoke0(Native Method)
	at java.base/jdk.internal.reflect.NativeMethodAccessorImpl.invoke(NativeMethodAccessorImpl.java:77)
	at java.base/jdk.internal.reflect.DelegatingMethodAccessorImpl.invoke(DelegatingMethodAccessorImpl.java:43)
	at java.base/java.lang.reflect.Method.invoke(Method.java:569)
	at org.codehaus.groovy.reflection.CachedMethod.invoke(CachedMethod.java:107)
	at groovy.lang.MetaMethod.doMethodInvoke(MetaMethod.java:323)
	at org.codehaus.groovy.runtime.callsite.StaticMetaMethodSite.invoke(StaticMetaMethodSite.java:44)
	at org.codehaus.groovy.runtime.callsite.StaticMetaMethodSite.callStatic(StaticMetaMethodSite.java:100)
	at org.codehaus.groovy.runtime.callsite.CallSiteArray.defaultCallStatic(CallSiteArray.java:55)
	at org.codehaus.groovy.runtime.callsite.AbstractCallSite.callStatic(AbstractCallSite.java:217)
	at org.codehaus.groovy.runtime.callsite.AbstractCallSite.callStatic(AbstractCallSite.java:240)
	at full_pipeline_nf$_run_closure1$_closure3$_closure10.doCall(full_pipeline.nf.test:145)
	at full_pipeline_nf$_run_closure1$_closure3$_closure10.doCall(full_pipeline.nf.test)
	at java.base/jdk.internal.reflect.NativeMethodAccessorImpl.invoke0(Native Method)
	at java.base/jdk.internal.reflect.NativeMethodAccessorImpl.invoke(NativeMethodAccessorImpl.java:77)
	at java.base/jdk.internal.reflect.DelegatingMethodAccessorImpl.invoke(DelegatingMethodAccessorImpl.java:43)
	at java.base/java.lang.reflect.Method.invoke(Method.java:569)
	at org.codehaus.groovy.reflection.CachedMethod.invoke(CachedMethod.java:107)
	at groovy.lang.MetaMethod.doMethodInvoke(MetaMethod.java:323)
	at org.codehaus.groovy.runtime.metaclass.ClosureMetaClass.invokeMethod(ClosureMetaClass.java:274)
	at groovy.lang.MetaClassImpl.invokeMethod(MetaClassImpl.java:1030)
	at groovy.lang.Closure.call(Closure.java:427)
	at groovy.lang.Closure.call(Closure.java:406)
	at com.askimed.nf.test.lang.TestCode.execute(TestCode.java:16)
	at com.askimed.nf.test.lang.pipeline.PipelineTest.execute(PipelineTest.java:135)
	at com.askimed.nf.test.core.TestExecutionEngine.execute(TestExecutionEngine.java:172)
	at com.askimed.nf.test.commands.RunTestsCommand.execute(RunTestsCommand.java:322)
	at com.askimed.nf.test.commands.AbstractCommand.call(AbstractCommand.java:43)
	at com.askimed.nf.test.commands.AbstractCommand.call(AbstractCommand.java:18)
	at picocli.CommandLine.executeUserObject(CommandLine.java:1953)
	at picocli.CommandLine.access$1300(CommandLine.java:145)
	at picocli.CommandLine$RunLast.executeUserObjectOfLastSubcommandWithSameParent(CommandLine.java:2352)
	at picocli.CommandLine$RunLast.handle(CommandLine.java:2346)
	at picocli.CommandLine$RunLast.handle(CommandLine.java:2311)
	at picocli.CommandLine$AbstractParseResultHandler.execute(CommandLine.java:2179)
	at picocli.CommandLine.execute(CommandLine.java:2078)
	at com.askimed.nf.test.App.run(App.java:39)
	at com.askimed.nf.test.App.main(App.java:46)
Feb-04 13:10:48.136 [main] INFO  com.askimed.nf.test.core.TestExecutionEngine - Testsuite 'Test full pipeline' finished. snapshot file: true, skipped tests: false, failed tests: true
Feb-04 13:10:48.136 [main] INFO  com.askimed.nf.test.core.TestExecutionEngine - Running testsuite 'Test pipeline with full rnaseq database generation' from file '/exports/eddie/scratch/s2215490/proteogenomicsdb/tests/full_rnaseq.nf.test'.
Feb-04 13:10:48.136 [main] INFO  com.askimed.nf.test.core.TestExecutionEngine - Run test '5cb93097: full rnaseq test'. type: com.askimed.nf.test.lang.pipeline.PipelineTest
Feb-04 13:11:08.548 [main] DEBUG com.askimed.nf.test.lang.extensions.SnapshotFile - Load snapshots from file '/exports/eddie/scratch/s2215490/proteogenomicsdb/tests/full_rnaseq.nf.test.snap'
Feb-04 13:11:08.573 [main] DEBUG com.askimed.nf.test.lang.extensions.Snapshot - Snapshots 'full rnaseq test' do not match. Update snapshots flag set.
Feb-04 13:11:08.573 [main] DEBUG com.askimed.nf.test.lang.extensions.SnapshotFile - Updated snapshot 'full rnaseq test'
Feb-04 13:11:08.598 [main] DEBUG com.askimed.nf.test.lang.extensions.SnapshotFile - Wrote snapshots to file '/exports/eddie/scratch/s2215490/proteogenomicsdb/tests/full_rnaseq.nf.test.snap'
Feb-04 13:11:08.598 [main] INFO  com.askimed.nf.test.core.TestExecutionEngine - Test '5cb93097: full rnaseq test' finished. status: FAILED
org.codehaus.groovy.runtime.powerassert.PowerAssertionError: 1 of 2 assertions failed
	at com.askimed.nf.test.lang.extensions.GlobalMethods.assertAll(GlobalMethods.java:48)
	at java.base/jdk.internal.reflect.NativeMethodAccessorImpl.invoke0(Native Method)
	at java.base/jdk.internal.reflect.NativeMethodAccessorImpl.invoke(NativeMethodAccessorImpl.java:77)
	at java.base/jdk.internal.reflect.DelegatingMethodAccessorImpl.invoke(DelegatingMethodAccessorImpl.java:43)
	at java.base/java.lang.reflect.Method.invoke(Method.java:569)
	at org.codehaus.groovy.reflection.CachedMethod.invoke(CachedMethod.java:107)
	at groovy.lang.MetaMethod.doMethodInvoke(MetaMethod.java:323)
	at org.codehaus.groovy.runtime.callsite.StaticMetaMethodSite.invoke(StaticMetaMethodSite.java:44)
	at org.codehaus.groovy.runtime.callsite.StaticMetaMethodSite.callStatic(StaticMetaMethodSite.java:100)
	at org.codehaus.groovy.runtime.callsite.CallSiteArray.defaultCallStatic(CallSiteArray.java:55)
	at org.codehaus.groovy.runtime.callsite.AbstractCallSite.callStatic(AbstractCallSite.java:217)
	at org.codehaus.groovy.runtime.callsite.AbstractCallSite.callStatic(AbstractCallSite.java:240)
	at full_rnaseq_nf$_run_closure1$_closure2$_closure5.doCall(full_rnaseq.nf.test:34)
	at full_rnaseq_nf$_run_closure1$_closure2$_closure5.doCall(full_rnaseq.nf.test)
	at java.base/jdk.internal.reflect.NativeMethodAccessorImpl.invoke0(Native Method)
	at java.base/jdk.internal.reflect.NativeMethodAccessorImpl.invoke(NativeMethodAccessorImpl.java:77)
	at java.base/jdk.internal.reflect.DelegatingMethodAccessorImpl.invoke(DelegatingMethodAccessorImpl.java:43)
	at java.base/java.lang.reflect.Method.invoke(Method.java:569)
	at org.codehaus.groovy.reflection.CachedMethod.invoke(CachedMethod.java:107)
	at groovy.lang.MetaMethod.doMethodInvoke(MetaMethod.java:323)
	at org.codehaus.groovy.runtime.metaclass.ClosureMetaClass.invokeMethod(ClosureMetaClass.java:274)
	at groovy.lang.MetaClassImpl.invokeMethod(MetaClassImpl.java:1030)
	at groovy.lang.Closure.call(Closure.java:427)
	at groovy.lang.Closure.call(Closure.java:406)
	at com.askimed.nf.test.lang.TestCode.execute(TestCode.java:16)
	at com.askimed.nf.test.lang.pipeline.PipelineTest.execute(PipelineTest.java:135)
	at com.askimed.nf.test.core.TestExecutionEngine.execute(TestExecutionEngine.java:172)
	at com.askimed.nf.test.commands.RunTestsCommand.execute(RunTestsCommand.java:322)
	at com.askimed.nf.test.commands.AbstractCommand.call(AbstractCommand.java:43)
	at com.askimed.nf.test.commands.AbstractCommand.call(AbstractCommand.java:18)
	at picocli.CommandLine.executeUserObject(CommandLine.java:1953)
	at picocli.CommandLine.access$1300(CommandLine.java:145)
	at picocli.CommandLine$RunLast.executeUserObjectOfLastSubcommandWithSameParent(CommandLine.java:2352)
	at picocli.CommandLine$RunLast.handle(CommandLine.java:2346)
	at picocli.CommandLine$RunLast.handle(CommandLine.java:2311)
	at picocli.CommandLine$AbstractParseResultHandler.execute(CommandLine.java:2179)
	at picocli.CommandLine.execute(CommandLine.java:2078)
	at com.askimed.nf.test.App.run(App.java:39)
	at com.askimed.nf.test.App.main(App.java:46)
Feb-04 13:11:08.600 [main] INFO  com.askimed.nf.test.core.TestExecutionEngine - Run test '2d3d795e: full rnaseq test -stub'. type: com.askimed.nf.test.lang.pipeline.PipelineTest
Feb-04 13:11:28.483 [main] DEBUG com.askimed.nf.test.lang.extensions.Snapshot - Snapshots 'full rnaseq test -stub' do not match. Update snapshots flag set.
Feb-04 13:11:28.483 [main] DEBUG com.askimed.nf.test.lang.extensions.SnapshotFile - Updated snapshot 'full rnaseq test -stub'
Feb-04 13:11:28.531 [main] DEBUG com.askimed.nf.test.lang.extensions.SnapshotFile - Wrote snapshots to file '/exports/eddie/scratch/s2215490/proteogenomicsdb/tests/full_rnaseq.nf.test.snap'
Feb-04 13:11:28.531 [main] INFO  com.askimed.nf.test.core.TestExecutionEngine - Test '2d3d795e: full rnaseq test -stub' finished. status: FAILED
org.codehaus.groovy.runtime.powerassert.PowerAssertionError: 1 of 2 assertions failed
	at com.askimed.nf.test.lang.extensions.GlobalMethods.assertAll(GlobalMethods.java:48)
	at java.base/jdk.internal.reflect.NativeMethodAccessorImpl.invoke0(Native Method)
	at java.base/jdk.internal.reflect.NativeMethodAccessorImpl.invoke(NativeMethodAccessorImpl.java:77)
	at java.base/jdk.internal.reflect.DelegatingMethodAccessorImpl.invoke(DelegatingMethodAccessorImpl.java:43)
	at java.base/java.lang.reflect.Method.invoke(Method.java:569)
	at org.codehaus.groovy.reflection.CachedMethod.invoke(CachedMethod.java:107)
	at groovy.lang.MetaMethod.doMethodInvoke(MetaMethod.java:323)
	at org.codehaus.groovy.runtime.callsite.StaticMetaMethodSite.invoke(StaticMetaMethodSite.java:44)
	at org.codehaus.groovy.runtime.callsite.StaticMetaMethodSite.callStatic(StaticMetaMethodSite.java:100)
	at org.codehaus.groovy.runtime.callsite.CallSiteArray.defaultCallStatic(CallSiteArray.java:55)
	at org.codehaus.groovy.runtime.callsite.AbstractCallSite.callStatic(AbstractCallSite.java:217)
	at org.codehaus.groovy.runtime.callsite.AbstractCallSite.callStatic(AbstractCallSite.java:240)
	at full_rnaseq_nf$_run_closure1$_closure3$_closure10.doCall(full_rnaseq.nf.test:78)
	at full_rnaseq_nf$_run_closure1$_closure3$_closure10.doCall(full_rnaseq.nf.test)
	at java.base/jdk.internal.reflect.NativeMethodAccessorImpl.invoke0(Native Method)
	at java.base/jdk.internal.reflect.NativeMethodAccessorImpl.invoke(NativeMethodAccessorImpl.java:77)
	at java.base/jdk.internal.reflect.DelegatingMethodAccessorImpl.invoke(DelegatingMethodAccessorImpl.java:43)
	at java.base/java.lang.reflect.Method.invoke(Method.java:569)
	at org.codehaus.groovy.reflection.CachedMethod.invoke(CachedMethod.java:107)
	at groovy.lang.MetaMethod.doMethodInvoke(MetaMethod.java:323)
	at org.codehaus.groovy.runtime.metaclass.ClosureMetaClass.invokeMethod(ClosureMetaClass.java:274)
	at groovy.lang.MetaClassImpl.invokeMethod(MetaClassImpl.java:1030)
	at groovy.lang.Closure.call(Closure.java:427)
	at groovy.lang.Closure.call(Closure.java:406)
	at com.askimed.nf.test.lang.TestCode.execute(TestCode.java:16)
	at com.askimed.nf.test.lang.pipeline.PipelineTest.execute(PipelineTest.java:135)
	at com.askimed.nf.test.core.TestExecutionEngine.execute(TestExecutionEngine.java:172)
	at com.askimed.nf.test.commands.RunTestsCommand.execute(RunTestsCommand.java:322)
	at com.askimed.nf.test.commands.AbstractCommand.call(AbstractCommand.java:43)
	at com.askimed.nf.test.commands.AbstractCommand.call(AbstractCommand.java:18)
	at picocli.CommandLine.executeUserObject(CommandLine.java:1953)
	at picocli.CommandLine.access$1300(CommandLine.java:145)
	at picocli.CommandLine$RunLast.executeUserObjectOfLastSubcommandWithSameParent(CommandLine.java:2352)
	at picocli.CommandLine$RunLast.handle(CommandLine.java:2346)
	at picocli.CommandLine$RunLast.handle(CommandLine.java:2311)
	at picocli.CommandLine$AbstractParseResultHandler.execute(CommandLine.java:2179)
	at picocli.CommandLine.execute(CommandLine.java:2078)
	at com.askimed.nf.test.App.run(App.java:39)
	at com.askimed.nf.test.App.main(App.java:46)
Feb-04 13:11:28.532 [main] INFO  com.askimed.nf.test.core.TestExecutionEngine - Testsuite 'Test pipeline with full rnaseq database generation' finished. snapshot file: true, skipped tests: false, failed tests: true
Feb-04 13:11:28.532 [main] INFO  com.askimed.nf.test.core.TestExecutionEngine - Running testsuite 'Test pipeline with gnomad/genecode database generation' from file '/exports/eddie/scratch/s2215490/proteogenomicsdb/tests/genecode.nf.test'.
Feb-04 13:11:28.532 [main] INFO  com.askimed.nf.test.core.TestExecutionEngine - Run test '798895ca: params: --skip_genecodedb false'. type: com.askimed.nf.test.lang.pipeline.PipelineTest
Feb-04 13:15:58.112 [main] DEBUG com.askimed.nf.test.lang.extensions.SnapshotFile - Load snapshots from file '/exports/eddie/scratch/s2215490/proteogenomicsdb/tests/genecode.nf.test.snap'
Feb-04 13:15:58.112 [main] DEBUG com.askimed.nf.test.lang.extensions.Snapshot - Snapshot 'params: --skip_genecodedb false' not found.
Feb-04 13:15:58.112 [main] DEBUG com.askimed.nf.test.lang.extensions.SnapshotFile - Created snapshot 'params: --skip_genecodedb false'
Feb-04 13:16:00.566 [main] INFO  com.askimed.nf.test.core.TestExecutionEngine - Test '798895ca: params: --skip_genecodedb false' finished. status: FAILED
org.codehaus.groovy.runtime.powerassert.PowerAssertionError: 2 of 2 assertions failed
	at com.askimed.nf.test.lang.extensions.GlobalMethods.assertAll(GlobalMethods.java:48)
	at jdk.internal.reflect.GeneratedMethodAccessor16.invoke(Unknown Source)
	at java.base/jdk.internal.reflect.DelegatingMethodAccessorImpl.invoke(DelegatingMethodAccessorImpl.java:43)
	at java.base/java.lang.reflect.Method.invoke(Method.java:569)
	at org.codehaus.groovy.reflection.CachedMethod.invoke(CachedMethod.java:107)
	at groovy.lang.MetaMethod.doMethodInvoke(MetaMethod.java:323)
	at org.codehaus.groovy.runtime.callsite.StaticMetaMethodSite.invoke(StaticMetaMethodSite.java:44)
	at org.codehaus.groovy.runtime.callsite.StaticMetaMethodSite.callStatic(StaticMetaMethodSite.java:100)
	at org.codehaus.groovy.runtime.callsite.CallSiteArray.defaultCallStatic(CallSiteArray.java:55)
	at org.codehaus.groovy.runtime.callsite.AbstractCallSite.callStatic(AbstractCallSite.java:217)
	at org.codehaus.groovy.runtime.callsite.AbstractCallSite.callStatic(AbstractCallSite.java:240)
	at genecode_nf$_run_closure1$_closure2$_closure5.doCall(genecode.nf.test:28)
	at genecode_nf$_run_closure1$_closure2$_closure5.doCall(genecode.nf.test)
	at java.base/jdk.internal.reflect.NativeMethodAccessorImpl.invoke0(Native Method)
	at java.base/jdk.internal.reflect.NativeMethodAccessorImpl.invoke(NativeMethodAccessorImpl.java:77)
	at java.base/jdk.internal.reflect.DelegatingMethodAccessorImpl.invoke(DelegatingMethodAccessorImpl.java:43)
	at java.base/java.lang.reflect.Method.invoke(Method.java:569)
	at org.codehaus.groovy.reflection.CachedMethod.invoke(CachedMethod.java:107)
	at groovy.lang.MetaMethod.doMethodInvoke(MetaMethod.java:323)
	at org.codehaus.groovy.runtime.metaclass.ClosureMetaClass.invokeMethod(ClosureMetaClass.java:274)
	at groovy.lang.MetaClassImpl.invokeMethod(MetaClassImpl.java:1030)
	at groovy.lang.Closure.call(Closure.java:427)
	at groovy.lang.Closure.call(Closure.java:406)
	at com.askimed.nf.test.lang.TestCode.execute(TestCode.java:16)
	at com.askimed.nf.test.lang.pipeline.PipelineTest.execute(PipelineTest.java:135)
	at com.askimed.nf.test.core.TestExecutionEngine.execute(TestExecutionEngine.java:172)
	at com.askimed.nf.test.commands.RunTestsCommand.execute(RunTestsCommand.java:322)
	at com.askimed.nf.test.commands.AbstractCommand.call(AbstractCommand.java:43)
	at com.askimed.nf.test.commands.AbstractCommand.call(AbstractCommand.java:18)
	at picocli.CommandLine.executeUserObject(CommandLine.java:1953)
	at picocli.CommandLine.access$1300(CommandLine.java:145)
	at picocli.CommandLine$RunLast.executeUserObjectOfLastSubcommandWithSameParent(CommandLine.java:2352)
	at picocli.CommandLine$RunLast.handle(CommandLine.java:2346)
	at picocli.CommandLine$RunLast.handle(CommandLine.java:2311)
	at picocli.CommandLine$AbstractParseResultHandler.execute(CommandLine.java:2179)
	at picocli.CommandLine.execute(CommandLine.java:2078)
	at com.askimed.nf.test.App.run(App.java:39)
	at com.askimed.nf.test.App.main(App.java:46)
Feb-04 13:16:00.569 [main] INFO  com.askimed.nf.test.core.TestExecutionEngine - Run test '7a72d6c2: params: --skip_genecodedb false -stub'. type: com.askimed.nf.test.lang.pipeline.PipelineTest
Feb-04 13:20:10.271 [main] DEBUG com.askimed.nf.test.lang.extensions.Snapshot - Snapshot 'params: --skip_genecodedb false -stub' not found.
Feb-04 13:20:10.287 [main] DEBUG com.askimed.nf.test.lang.extensions.SnapshotFile - Created snapshot 'params: --skip_genecodedb false -stub'
Feb-04 13:20:12.363 [main] INFO  com.askimed.nf.test.core.TestExecutionEngine - Test '7a72d6c2: params: --skip_genecodedb false -stub' finished. status: FAILED
org.codehaus.groovy.runtime.powerassert.PowerAssertionError: 1 of 2 assertions failed
	at com.askimed.nf.test.lang.extensions.GlobalMethods.assertAll(GlobalMethods.java:48)
	at jdk.internal.reflect.GeneratedMethodAccessor16.invoke(Unknown Source)
	at java.base/jdk.internal.reflect.DelegatingMethodAccessorImpl.invoke(DelegatingMethodAccessorImpl.java:43)
	at java.base/java.lang.reflect.Method.invoke(Method.java:569)
	at org.codehaus.groovy.reflection.CachedMethod.invoke(CachedMethod.java:107)
	at groovy.lang.MetaMethod.doMethodInvoke(MetaMethod.java:323)
	at org.codehaus.groovy.runtime.callsite.StaticMetaMethodSite.invoke(StaticMetaMethodSite.java:44)
	at org.codehaus.groovy.runtime.callsite.StaticMetaMethodSite.callStatic(StaticMetaMethodSite.java:100)
	at org.codehaus.groovy.runtime.callsite.CallSiteArray.defaultCallStatic(CallSiteArray.java:55)
	at org.codehaus.groovy.runtime.callsite.AbstractCallSite.callStatic(AbstractCallSite.java:217)
	at org.codehaus.groovy.runtime.callsite.AbstractCallSite.callStatic(AbstractCallSite.java:240)
	at genecode_nf$_run_closure1$_closure3$_closure10.doCall(genecode.nf.test:67)
	at genecode_nf$_run_closure1$_closure3$_closure10.doCall(genecode.nf.test)
	at java.base/jdk.internal.reflect.NativeMethodAccessorImpl.invoke0(Native Method)
	at java.base/jdk.internal.reflect.NativeMethodAccessorImpl.invoke(NativeMethodAccessorImpl.java:77)
	at java.base/jdk.internal.reflect.DelegatingMethodAccessorImpl.invoke(DelegatingMethodAccessorImpl.java:43)
	at java.base/java.lang.reflect.Method.invoke(Method.java:569)
	at org.codehaus.groovy.reflection.CachedMethod.invoke(CachedMethod.java:107)
	at groovy.lang.MetaMethod.doMethodInvoke(MetaMethod.java:323)
	at org.codehaus.groovy.runtime.metaclass.ClosureMetaClass.invokeMethod(ClosureMetaClass.java:274)
	at groovy.lang.MetaClassImpl.invokeMethod(MetaClassImpl.java:1030)
	at groovy.lang.Closure.call(Closure.java:427)
	at groovy.lang.Closure.call(Closure.java:406)
	at com.askimed.nf.test.lang.TestCode.execute(TestCode.java:16)
	at com.askimed.nf.test.lang.pipeline.PipelineTest.execute(PipelineTest.java:135)
	at com.askimed.nf.test.core.TestExecutionEngine.execute(TestExecutionEngine.java:172)
	at com.askimed.nf.test.commands.RunTestsCommand.execute(RunTestsCommand.java:322)
	at com.askimed.nf.test.commands.AbstractCommand.call(AbstractCommand.java:43)
	at com.askimed.nf.test.commands.AbstractCommand.call(AbstractCommand.java:18)
	at picocli.CommandLine.executeUserObject(CommandLine.java:1953)
	at picocli.CommandLine.access$1300(CommandLine.java:145)
	at picocli.CommandLine$RunLast.executeUserObjectOfLastSubcommandWithSameParent(CommandLine.java:2352)
	at picocli.CommandLine$RunLast.handle(CommandLine.java:2346)
	at picocli.CommandLine$RunLast.handle(CommandLine.java:2311)
	at picocli.CommandLine$AbstractParseResultHandler.execute(CommandLine.java:2179)
	at picocli.CommandLine.execute(CommandLine.java:2078)
	at com.askimed.nf.test.App.run(App.java:39)
	at com.askimed.nf.test.App.main(App.java:46)
Feb-04 13:20:12.365 [main] INFO  com.askimed.nf.test.core.TestExecutionEngine - Testsuite 'Test pipeline with gnomad/genecode database generation' finished. snapshot file: true, skipped tests: false, failed tests: true
Feb-04 13:20:12.367 [main] INFO  com.askimed.nf.test.core.TestExecutionEngine - Running testsuite 'Test pipeline with rnaseq database generation' from file '/exports/eddie/scratch/s2215490/proteogenomicsdb/tests/rna_seq.nf.test'.
Feb-04 13:20:12.367 [main] INFO  com.askimed.nf.test.core.TestExecutionEngine - Run test 'f0bcc8bf: params: --skip_rnaseqdb false'. type: com.askimed.nf.test.lang.pipeline.PipelineTest
Feb-04 13:20:40.661 [main] DEBUG com.askimed.nf.test.lang.extensions.SnapshotFile - Load snapshots from file '/exports/eddie/scratch/s2215490/proteogenomicsdb/tests/rna_seq.nf.test.snap'
Feb-04 13:20:40.690 [main] DEBUG com.askimed.nf.test.lang.extensions.Snapshot - Snapshots 'params: --skip_rnaseqdb false' do not match. Update snapshots flag set.
Feb-04 13:20:40.690 [main] DEBUG com.askimed.nf.test.lang.extensions.SnapshotFile - Updated snapshot 'params: --skip_rnaseqdb false'
Feb-04 13:20:40.715 [main] DEBUG com.askimed.nf.test.lang.extensions.SnapshotFile - Wrote snapshots to file '/exports/eddie/scratch/s2215490/proteogenomicsdb/tests/rna_seq.nf.test.snap'
Feb-04 13:20:40.716 [main] INFO  com.askimed.nf.test.core.TestExecutionEngine - Test 'f0bcc8bf: params: --skip_rnaseqdb false' finished. status: FAILED
org.codehaus.groovy.runtime.powerassert.PowerAssertionError: 1 of 2 assertions failed
	at com.askimed.nf.test.lang.extensions.GlobalMethods.assertAll(GlobalMethods.java:48)
	at jdk.internal.reflect.GeneratedMethodAccessor16.invoke(Unknown Source)
	at java.base/jdk.internal.reflect.DelegatingMethodAccessorImpl.invoke(DelegatingMethodAccessorImpl.java:43)
	at java.base/java.lang.reflect.Method.invoke(Method.java:569)
	at org.codehaus.groovy.reflection.CachedMethod.invoke(CachedMethod.java:107)
	at groovy.lang.MetaMethod.doMethodInvoke(MetaMethod.java:323)
	at org.codehaus.groovy.runtime.callsite.StaticMetaMethodSite.invoke(StaticMetaMethodSite.java:44)
	at org.codehaus.groovy.runtime.callsite.StaticMetaMethodSite.callStatic(StaticMetaMethodSite.java:100)
	at org.codehaus.groovy.runtime.callsite.CallSiteArray.defaultCallStatic(CallSiteArray.java:55)
	at org.codehaus.groovy.runtime.callsite.AbstractCallSite.callStatic(AbstractCallSite.java:217)
	at org.codehaus.groovy.runtime.callsite.AbstractCallSite.callStatic(AbstractCallSite.java:240)
	at rna_seq_nf$_run_closure1$_closure2$_closure5.doCall(rna_seq.nf.test:32)
	at rna_seq_nf$_run_closure1$_closure2$_closure5.doCall(rna_seq.nf.test)
	at java.base/jdk.internal.reflect.NativeMethodAccessorImpl.invoke0(Native Method)
	at java.base/jdk.internal.reflect.NativeMethodAccessorImpl.invoke(NativeMethodAccessorImpl.java:77)
	at java.base/jdk.internal.reflect.DelegatingMethodAccessorImpl.invoke(DelegatingMethodAccessorImpl.java:43)
	at java.base/java.lang.reflect.Method.invoke(Method.java:569)
	at org.codehaus.groovy.reflection.CachedMethod.invoke(CachedMethod.java:107)
	at groovy.lang.MetaMethod.doMethodInvoke(MetaMethod.java:323)
	at org.codehaus.groovy.runtime.metaclass.ClosureMetaClass.invokeMethod(ClosureMetaClass.java:274)
	at groovy.lang.MetaClassImpl.invokeMethod(MetaClassImpl.java:1030)
	at groovy.lang.Closure.call(Closure.java:427)
	at groovy.lang.Closure.call(Closure.java:406)
	at com.askimed.nf.test.lang.TestCode.execute(TestCode.java:16)
	at com.askimed.nf.test.lang.pipeline.PipelineTest.execute(PipelineTest.java:135)
	at com.askimed.nf.test.core.TestExecutionEngine.execute(TestExecutionEngine.java:172)
	at com.askimed.nf.test.commands.RunTestsCommand.execute(RunTestsCommand.java:322)
	at com.askimed.nf.test.commands.AbstractCommand.call(AbstractCommand.java:43)
	at com.askimed.nf.test.commands.AbstractCommand.call(AbstractCommand.java:18)
	at picocli.CommandLine.executeUserObject(CommandLine.java:1953)
	at picocli.CommandLine.access$1300(CommandLine.java:145)
	at picocli.CommandLine$RunLast.executeUserObjectOfLastSubcommandWithSameParent(CommandLine.java:2352)
	at picocli.CommandLine$RunLast.handle(CommandLine.java:2346)
	at picocli.CommandLine$RunLast.handle(CommandLine.java:2311)
	at picocli.CommandLine$AbstractParseResultHandler.execute(CommandLine.java:2179)
	at picocli.CommandLine.execute(CommandLine.java:2078)
	at com.askimed.nf.test.App.run(App.java:39)
	at com.askimed.nf.test.App.main(App.java:46)
Feb-04 13:20:40.721 [main] INFO  com.askimed.nf.test.core.TestExecutionEngine - Run test '43bee9cf: params: --skip_rnaseqdb false -stub'. type: com.askimed.nf.test.lang.pipeline.PipelineTest
Feb-04 13:21:03.744 [main] DEBUG com.askimed.nf.test.lang.extensions.Snapshot - Snapshots 'params: --skip_rnaseqdb false -stub' do not match. Update snapshots flag set.
Feb-04 13:21:03.744 [main] DEBUG com.askimed.nf.test.lang.extensions.SnapshotFile - Updated snapshot 'params: --skip_rnaseqdb false -stub'
Feb-04 13:21:03.784 [main] DEBUG com.askimed.nf.test.lang.extensions.SnapshotFile - Wrote snapshots to file '/exports/eddie/scratch/s2215490/proteogenomicsdb/tests/rna_seq.nf.test.snap'
Feb-04 13:21:03.784 [main] INFO  com.askimed.nf.test.core.TestExecutionEngine - Test '43bee9cf: params: --skip_rnaseqdb false -stub' finished. status: PASSED
Feb-04 13:21:03.784 [main] INFO  com.askimed.nf.test.core.TestExecutionEngine - Testsuite 'Test pipeline with rnaseq database generation' finished. snapshot file: true, skipped tests: false, failed tests: true
Feb-04 13:21:03.785 [main] INFO  com.askimed.nf.test.core.TestExecutionEngine - Executed 20 tests. 11 tests failed. Done!
